#
# There is insufficient memory for the Java Runtime Environment to continue.
# Native memory allocation (malloc) failed to allocate 798352 bytes. Error detail: Chunk::new
# Possible reasons:
#   The system is out of physical RAM or swap space
#   This process is running with CompressedOops enabled, and the Java Heap may be blocking the growth of the native heap
# Possible solutions:
#   Reduce memory load on the system
#   Increase physical memory or swap space
#   Check if swap backing store is full
#   Decrease Java heap size (-Xmx/-Xms)
#   Decrease number of Java threads
#   Decrease Java thread stack sizes (-Xss)
#   Set larger code cache with -XX:ReservedCodeCacheSize=
#   JVM is running with Zero Based Compressed Oops mode in which the Java heap is
#     placed in the first 32GB address space. The Java Heap base address is the
#     maximum limit for the native heap growth. Please use -XX:HeapBaseMinAddress
#     to set the Java Heap base and to place the Java Heap above 32GB virtual address.
# This output file may be truncated or incomplete.
#
#  Out of Memory Error (arena.cpp:168), pid=18128, tid=15680
#
# JRE version: OpenJDK Runtime Environment (21.0.8) (build 21.0.8+-14196175-b1038.72)
# Java VM: OpenJDK 64-Bit Server VM (21.0.8+-14196175-b1038.72, mixed mode, tiered, compressed oops, compressed class ptrs, g1 gc, windows-amd64)
# No core dump will be written. Minidumps are not enabled by default on client versions of Windows
#

---------------  S U M M A R Y ------------

Command Line: org.jetbrains.kotlin.cli.jvm.K2JVMCompiler @C:\Users\ASB\Desktop\projects\Android projects\SmartTaskTracker\app\build\20260416_13083703074563759655.compiler.options

Host: Intel(R) Core(TM) i5-4200U CPU @ 1.60GHz, 4 cores, 11G,  Windows 10 , 64 bit Build 19041 (10.0.19041.5915)
Time: Thu Apr 16 11:54:44 2026 Arabic Standard Time elapsed time: 47.724502 seconds (0d 0h 0m 47s)

---------------  T H R E A D  ---------------

Current thread (0x0000025973443280):  JavaThread "C2 CompilerThread0" daemon [_thread_in_native, id=15680, stack(0x0000008edf900000,0x0000008edfa00000) (1024K)]


Current CompileTask:
C2:47724 15665       4       kotlin.collections.CollectionsKt___CollectionsKt::joinToString (65 bytes)

Stack: [0x0000008edf900000,0x0000008edfa00000]
Native frames: (J=compiled Java code, j=interpreted, Vv=VM code, C=native code)
V  [jvm.dll+0x6d68d9]
V  [jvm.dll+0x866693]
V  [jvm.dll+0x868c4e]
V  [jvm.dll+0x869333]
V  [jvm.dll+0x280566]
V  [jvm.dll+0xc07cd]
V  [jvm.dll+0xc0d03]
V  [jvm.dll+0x3b961b]
V  [jvm.dll+0x385507]
V  [jvm.dll+0x38497a]
V  [jvm.dll+0x249252]
V  [jvm.dll+0x248821]
V  [jvm.dll+0x1c73a4]
V  [jvm.dll+0x257f9e]
V  [jvm.dll+0x2564e6]
V  [jvm.dll+0x3f4696]
V  [jvm.dll+0x80eac8]
V  [jvm.dll+0x6d512d]
C  [ucrtbase.dll+0x21bb2]
C  [KERNEL32.DLL+0x17374]
C  [ntdll.dll+0x4cc91]


---------------  P R O C E S S  ---------------

Threads class SMR info:
_java_thread_list=0x000002597cdb3080, length=12, elements={
0x0000025958d31910, 0x0000025973427de0, 0x00000259732ee350, 0x0000025973432e60,
0x0000025973434c90, 0x0000025973436ea0, 0x000002597343fa80, 0x00000259734404e0,
0x0000025973443280, 0x0000025973466b70, 0x00000259735f7c80, 0x000002597d555a40
}

Java Threads: ( => current thread )
  0x0000025958d31910 JavaThread "main"                              [_thread_in_vm, id=18576, stack(0x0000008edea00000,0x0000008edeb00000) (1024K)]
  0x0000025973427de0 JavaThread "Common-Cleaner"             daemon [_thread_blocked, id=15436, stack(0x0000008edf200000,0x0000008edf300000) (1024K)]
  0x00000259732ee350 JavaThread "Reference Handler"          daemon [_thread_blocked, id=17052, stack(0x0000008edf300000,0x0000008edf400000) (1024K)]
  0x0000025973432e60 JavaThread "Finalizer"                  daemon [_thread_blocked, id=19116, stack(0x0000008edf400000,0x0000008edf500000) (1024K)]
  0x0000025973434c90 JavaThread "Signal Dispatcher"          daemon [_thread_blocked, id=9752, stack(0x0000008edf500000,0x0000008edf600000) (1024K)]
  0x0000025973436ea0 JavaThread "Attach Listener"            daemon [_thread_blocked, id=7608, stack(0x0000008edf600000,0x0000008edf700000) (1024K)]
  0x000002597343fa80 JavaThread "Service Thread"             daemon [_thread_blocked, id=21368, stack(0x0000008edf700000,0x0000008edf800000) (1024K)]
  0x00000259734404e0 JavaThread "Monitor Deflation Thread"   daemon [_thread_blocked, id=17556, stack(0x0000008edf800000,0x0000008edf900000) (1024K)]
=>0x0000025973443280 JavaThread "C2 CompilerThread0"         daemon [_thread_in_native, id=15680, stack(0x0000008edf900000,0x0000008edfa00000) (1024K)]
  0x0000025973466b70 JavaThread "C1 CompilerThread0"         daemon [_thread_in_native, id=13284, stack(0x0000008edfa00000,0x0000008edfb00000) (1024K)]
  0x00000259735f7c80 JavaThread "Notification Thread"        daemon [_thread_blocked, id=17680, stack(0x0000008edfb00000,0x0000008edfc00000) (1024K)]
  0x000002597d555a40 JavaThread "C2 CompilerThread1"         daemon [_thread_in_native, id=18948, stack(0x0000008ede900000,0x0000008edea00000) (1024K)]
Total: 12

Other Threads:
  0x0000025973283c80 VMThread "VM Thread"                           [id=14632, stack(0x0000008edf100000,0x0000008edf200000) (1024K)]
  0x0000025973221da0 WatcherThread "VM Periodic Task Thread"        [id=19348, stack(0x0000008edf000000,0x0000008edf100000) (1024K)]
  0x000002595b0f0f00 WorkerThread "GC Thread#0"                     [id=20868, stack(0x0000008edeb00000,0x0000008edec00000) (1024K)]
  0x00000259782ba3e0 WorkerThread "GC Thread#1"                     [id=13160, stack(0x0000008edfc00000,0x0000008edfd00000) (1024K)]
  0x00000259782ba780 WorkerThread "GC Thread#2"                     [id=18380, stack(0x0000008edfd00000,0x0000008edfe00000) (1024K)]
  0x00000259782bab20 WorkerThread "GC Thread#3"                     [id=4632, stack(0x0000008edfe00000,0x0000008edff00000) (1024K)]
  0x000002595b0fecd0 ConcurrentGCThread "G1 Main Marker"            [id=17844, stack(0x0000008edec00000,0x0000008eded00000) (1024K)]
  0x000002595b0ff6e0 WorkerThread "G1 Conc#0"                       [id=19512, stack(0x0000008eded00000,0x0000008edee00000) (1024K)]
  0x00000259730f40a0 ConcurrentGCThread "G1 Refine#0"               [id=19844, stack(0x0000008edee00000,0x0000008edef00000) (1024K)]
  0x00000259730f4b20 ConcurrentGCThread "G1 Service"                [id=11024, stack(0x0000008edef00000,0x0000008edf000000) (1024K)]
Total: 10

Threads with active compile tasks:
C2 CompilerThread0  47759 15665       4       kotlin.collections.CollectionsKt___CollectionsKt::joinToString (65 bytes)
C2 CompilerThread1  47759 15713       4       kotlin.collections.CollectionsKt___CollectionsKt::joinTo (156 bytes)
Total: 2

VM state: not at safepoint (normal execution)

VM Mutex/Monitor currently owned by a thread: None

Heap address: 0x0000000741200000, size: 3054 MB, Compressed Oops mode: Zero based, Oop shift amount: 3

CDS archive(s) not mapped
Compressed class space mapped at: 0x0000000800000000-0x0000000840000000, reserved size: 1073741824
Narrow klass base: 0x0000000800000000, Narrow klass shift: 0, Narrow klass range: 0x40000000

GC Precious Log:
 CardTable entry size: 512
 Card Set container configuration: InlinePtr #cards 4 size 8 Array Of Cards #cards 16 size 48 Howl #buckets 8 coarsen threshold 3686 Howl Bitmap #cards 512 size 80 coarsen threshold 460 Card regions per heap region 1 cards per card region 4096
 CPUs: 4 total, 4 available
 Memory: 12208M
 Large Page Support: Disabled
 NUMA Support: Disabled
 Compressed Oops: Enabled (Zero based)
 Heap Region Size: 2M
 Heap Min Capacity: 8M
 Heap Initial Capacity: 192M
 Heap Max Capacity: 3054M
 Pre-touch: Disabled
 Parallel Workers: 4
 Concurrent Workers: 1
 Concurrent Refinement Workers: 4
 Periodic GC: Disabled

Heap:
 garbage-first heap   total 212992K, used 167841K [0x0000000741200000, 0x0000000800000000)
  region size 2048K, 17 young (34816K), 4 survivors (8192K)
 Metaspace       used 81330K, committed 81792K, reserved 1179648K
  class space    used 8677K, committed 8896K, reserved 1048576K

Heap Regions: E=young(eden), S=young(survivor), O=old, HS=humongous(starts), HC=humongous(continues), CS=collection set, F=free, TAMS=top-at-mark-start, PB=parsable bottom
|   0|0x0000000741200000, 0x0000000741400000, 0x0000000741400000|100%|HS|  |TAMS 0x0000000741200000| PB 0x0000000741200000| Complete 
|   1|0x0000000741400000, 0x0000000741600000, 0x0000000741600000|100%|HC|  |TAMS 0x0000000741400000| PB 0x0000000741400000| Complete 
|   2|0x0000000741600000, 0x0000000741800000, 0x0000000741800000|100%| O|  |TAMS 0x0000000741600000| PB 0x0000000741600000| Untracked 
|   3|0x0000000741800000, 0x0000000741a00000, 0x0000000741a00000|100%| O|  |TAMS 0x0000000741800000| PB 0x0000000741800000| Untracked 
|   4|0x0000000741a00000, 0x0000000741c00000, 0x0000000741c00000|100%| O|  |TAMS 0x0000000741a00000| PB 0x0000000741a00000| Untracked 
|   5|0x0000000741c00000, 0x0000000741e00000, 0x0000000741e00000|100%| O|  |TAMS 0x0000000741c00000| PB 0x0000000741c00000| Untracked 
|   6|0x0000000741e00000, 0x0000000742000000, 0x0000000742000000|100%| O|  |TAMS 0x0000000741e00000| PB 0x0000000741e00000| Untracked 
|   7|0x0000000742000000, 0x0000000742200000, 0x0000000742200000|100%| O|  |TAMS 0x0000000742000000| PB 0x0000000742000000| Untracked 
|   8|0x0000000742200000, 0x0000000742400000, 0x0000000742400000|100%| O|  |TAMS 0x0000000742200000| PB 0x0000000742200000| Untracked 
|   9|0x0000000742400000, 0x0000000742600000, 0x0000000742600000|100%| O|  |TAMS 0x0000000742400000| PB 0x0000000742400000| Untracked 
|  10|0x0000000742600000, 0x0000000742800000, 0x0000000742800000|100%| O|  |TAMS 0x0000000742600000| PB 0x0000000742600000| Untracked 
|  11|0x0000000742800000, 0x0000000742a00000, 0x0000000742a00000|100%| O|  |TAMS 0x0000000742800000| PB 0x0000000742800000| Untracked 
|  12|0x0000000742a00000, 0x0000000742c00000, 0x0000000742c00000|100%| O|  |TAMS 0x0000000742a00000| PB 0x0000000742a00000| Untracked 
|  13|0x0000000742c00000, 0x0000000742e00000, 0x0000000742e00000|100%| O|  |TAMS 0x0000000742c00000| PB 0x0000000742c00000| Untracked 
|  14|0x0000000742e00000, 0x0000000743000000, 0x0000000743000000|100%| O|  |TAMS 0x0000000742e00000| PB 0x0000000742e00000| Untracked 
|  15|0x0000000743000000, 0x0000000743200000, 0x0000000743200000|100%| O|  |TAMS 0x0000000743000000| PB 0x0000000743000000| Untracked 
|  16|0x0000000743200000, 0x0000000743200000, 0x0000000743400000|  0%| F|  |TAMS 0x0000000743200000| PB 0x0000000743200000| Untracked 
|  17|0x0000000743400000, 0x0000000743600000, 0x0000000743600000|100%| O|  |TAMS 0x0000000743400000| PB 0x0000000743400000| Untracked 
|  18|0x0000000743600000, 0x0000000743800000, 0x0000000743800000|100%| O|  |TAMS 0x0000000743600000| PB 0x0000000743600000| Untracked 
|  19|0x0000000743800000, 0x0000000743a00000, 0x0000000743a00000|100%| O|  |TAMS 0x0000000743800000| PB 0x0000000743800000| Untracked 
|  20|0x0000000743a00000, 0x0000000743c00000, 0x0000000743c00000|100%| O|  |TAMS 0x0000000743a00000| PB 0x0000000743a00000| Untracked 
|  21|0x0000000743c00000, 0x0000000743e00000, 0x0000000743e00000|100%| O|  |TAMS 0x0000000743c00000| PB 0x0000000743c00000| Untracked 
|  22|0x0000000743e00000, 0x0000000744000000, 0x0000000744000000|100%| O|  |TAMS 0x0000000743e00000| PB 0x0000000743e00000| Untracked 
|  23|0x0000000744000000, 0x0000000744200000, 0x0000000744200000|100%| O|  |TAMS 0x0000000744000000| PB 0x0000000744000000| Untracked 
|  24|0x0000000744200000, 0x0000000744400000, 0x0000000744400000|100%| O|  |TAMS 0x0000000744200000| PB 0x0000000744200000| Untracked 
|  25|0x0000000744400000, 0x0000000744600000, 0x0000000744600000|100%| O|  |TAMS 0x0000000744400000| PB 0x0000000744400000| Untracked 
|  26|0x0000000744600000, 0x0000000744800000, 0x0000000744800000|100%| O|  |TAMS 0x0000000744600000| PB 0x0000000744600000| Untracked 
|  27|0x0000000744800000, 0x0000000744a00000, 0x0000000744a00000|100%| O|  |TAMS 0x0000000744800000| PB 0x0000000744800000| Untracked 
|  28|0x0000000744a00000, 0x0000000744c00000, 0x0000000744c00000|100%| O|  |TAMS 0x0000000744a00000| PB 0x0000000744a00000| Untracked 
|  29|0x0000000744c00000, 0x0000000744e00000, 0x0000000744e00000|100%| O|  |TAMS 0x0000000744c00000| PB 0x0000000744c00000| Untracked 
|  30|0x0000000744e00000, 0x0000000745000000, 0x0000000745000000|100%| O|  |TAMS 0x0000000744e00000| PB 0x0000000744e00000| Untracked 
|  31|0x0000000745000000, 0x0000000745200000, 0x0000000745200000|100%| O|  |TAMS 0x0000000745000000| PB 0x0000000745000000| Untracked 
|  32|0x0000000745200000, 0x0000000745400000, 0x0000000745400000|100%| O|  |TAMS 0x0000000745200000| PB 0x0000000745200000| Untracked 
|  33|0x0000000745400000, 0x0000000745600000, 0x0000000745600000|100%| O|  |TAMS 0x0000000745400000| PB 0x0000000745400000| Untracked 
|  34|0x0000000745600000, 0x0000000745800000, 0x0000000745800000|100%| O|  |TAMS 0x0000000745600000| PB 0x0000000745600000| Untracked 
|  35|0x0000000745800000, 0x0000000745a00000, 0x0000000745a00000|100%| O|  |TAMS 0x0000000745800000| PB 0x0000000745800000| Untracked 
|  36|0x0000000745a00000, 0x0000000745a00000, 0x0000000745c00000|  0%| F|  |TAMS 0x0000000745a00000| PB 0x0000000745a00000| Untracked 
|  37|0x0000000745c00000, 0x0000000745e00000, 0x0000000745e00000|100%| O|  |TAMS 0x0000000745c00000| PB 0x0000000745c00000| Untracked 
|  38|0x0000000745e00000, 0x0000000746000000, 0x0000000746000000|100%| O|  |TAMS 0x0000000745e00000| PB 0x0000000745e00000| Untracked 
|  39|0x0000000746000000, 0x0000000746200000, 0x0000000746200000|100%| O|  |TAMS 0x0000000746000000| PB 0x0000000746000000| Untracked 
|  40|0x0000000746200000, 0x0000000746400000, 0x0000000746400000|100%| O|  |TAMS 0x0000000746200000| PB 0x0000000746200000| Untracked 
|  41|0x0000000746400000, 0x0000000746600000, 0x0000000746600000|100%| O|  |TAMS 0x0000000746400000| PB 0x0000000746400000| Untracked 
|  42|0x0000000746600000, 0x0000000746800000, 0x0000000746800000|100%| O|  |TAMS 0x0000000746600000| PB 0x0000000746600000| Untracked 
|  43|0x0000000746800000, 0x0000000746a00000, 0x0000000746a00000|100%| O|  |TAMS 0x0000000746800000| PB 0x0000000746800000| Untracked 
|  44|0x0000000746a00000, 0x0000000746c00000, 0x0000000746c00000|100%| O|  |TAMS 0x0000000746a00000| PB 0x0000000746a00000| Untracked 
|  45|0x0000000746c00000, 0x0000000746e00000, 0x0000000746e00000|100%| O|  |TAMS 0x0000000746c00000| PB 0x0000000746c00000| Untracked 
|  46|0x0000000746e00000, 0x0000000747000000, 0x0000000747000000|100%| O|  |TAMS 0x0000000746e00000| PB 0x0000000746e00000| Untracked 
|  47|0x0000000747000000, 0x0000000747200000, 0x0000000747200000|100%| O|  |TAMS 0x0000000747000000| PB 0x0000000747000000| Untracked 
|  48|0x0000000747200000, 0x0000000747400000, 0x0000000747400000|100%| O|  |TAMS 0x0000000747200000| PB 0x0000000747200000| Untracked 
|  49|0x0000000747400000, 0x0000000747600000, 0x0000000747600000|100%| O|  |TAMS 0x0000000747400000| PB 0x0000000747400000| Untracked 
|  50|0x0000000747600000, 0x0000000747800000, 0x0000000747800000|100%| O|  |TAMS 0x0000000747600000| PB 0x0000000747600000| Untracked 
|  51|0x0000000747800000, 0x0000000747a00000, 0x0000000747a00000|100%| O|  |TAMS 0x0000000747800000| PB 0x0000000747800000| Untracked 
|  52|0x0000000747a00000, 0x0000000747c00000, 0x0000000747c00000|100%| O|  |TAMS 0x0000000747a00000| PB 0x0000000747a00000| Untracked 
|  53|0x0000000747c00000, 0x0000000747e00000, 0x0000000747e00000|100%| O|  |TAMS 0x0000000747c00000| PB 0x0000000747c00000| Untracked 
|  54|0x0000000747e00000, 0x0000000748000000, 0x0000000748000000|100%| O|  |TAMS 0x0000000747e00000| PB 0x0000000747e00000| Untracked 
|  55|0x0000000748000000, 0x0000000748200000, 0x0000000748200000|100%| O|  |TAMS 0x0000000748000000| PB 0x0000000748000000| Untracked 
|  56|0x0000000748200000, 0x0000000748400000, 0x0000000748400000|100%| O|  |TAMS 0x0000000748200000| PB 0x0000000748200000| Untracked 
|  57|0x0000000748400000, 0x0000000748600000, 0x0000000748600000|100%| O|  |TAMS 0x0000000748400000| PB 0x0000000748400000| Untracked 
|  58|0x0000000748600000, 0x0000000748800000, 0x0000000748800000|100%| O|  |TAMS 0x0000000748600000| PB 0x0000000748600000| Untracked 
|  59|0x0000000748800000, 0x0000000748a00000, 0x0000000748a00000|100%| O|  |TAMS 0x0000000748800000| PB 0x0000000748800000| Untracked 
|  60|0x0000000748a00000, 0x0000000748c00000, 0x0000000748c00000|100%| O|  |TAMS 0x0000000748a00000| PB 0x0000000748a00000| Untracked 
|  61|0x0000000748c00000, 0x0000000748e00000, 0x0000000748e00000|100%| O|  |TAMS 0x0000000748c00000| PB 0x0000000748c00000| Untracked 
|  62|0x0000000748e00000, 0x0000000749000000, 0x0000000749000000|100%| O|  |TAMS 0x0000000748e00000| PB 0x0000000748e00000| Untracked 
|  63|0x0000000749000000, 0x0000000749200000, 0x0000000749200000|100%| O|  |TAMS 0x0000000749000000| PB 0x0000000749000000| Untracked 
|  64|0x0000000749200000, 0x0000000749400000, 0x0000000749400000|100%| O|  |TAMS 0x0000000749200000| PB 0x0000000749200000| Untracked 
|  65|0x0000000749400000, 0x0000000749600000, 0x0000000749600000|100%| O|  |TAMS 0x0000000749400000| PB 0x0000000749400000| Untracked 
|  66|0x0000000749600000, 0x0000000749800000, 0x0000000749800000|100%| O|  |TAMS 0x0000000749600000| PB 0x0000000749600000| Untracked 
|  67|0x0000000749800000, 0x00000007499e8710, 0x0000000749a00000| 95%| O|  |TAMS 0x0000000749800000| PB 0x0000000749800000| Untracked 
|  68|0x0000000749a00000, 0x0000000749a00000, 0x0000000749c00000|  0%| F|  |TAMS 0x0000000749a00000| PB 0x0000000749a00000| Untracked 
|  69|0x0000000749c00000, 0x0000000749e00000, 0x0000000749e00000|100%| S|CS|TAMS 0x0000000749c00000| PB 0x0000000749c00000| Complete 
|  70|0x0000000749e00000, 0x000000074a000000, 0x000000074a000000|100%| S|CS|TAMS 0x0000000749e00000| PB 0x0000000749e00000| Complete 
|  71|0x000000074a000000, 0x000000074a200000, 0x000000074a200000|100%| S|CS|TAMS 0x000000074a000000| PB 0x000000074a000000| Complete 
|  72|0x000000074a200000, 0x000000074a400000, 0x000000074a400000|100%| S|CS|TAMS 0x000000074a200000| PB 0x000000074a200000| Complete 
|  73|0x000000074a400000, 0x000000074a400000, 0x000000074a600000|  0%| F|  |TAMS 0x000000074a400000| PB 0x000000074a400000| Untracked 
|  74|0x000000074a600000, 0x000000074a600000, 0x000000074a800000|  0%| F|  |TAMS 0x000000074a600000| PB 0x000000074a600000| Untracked 
|  75|0x000000074a800000, 0x000000074a800000, 0x000000074aa00000|  0%| F|  |TAMS 0x000000074a800000| PB 0x000000074a800000| Untracked 
|  76|0x000000074aa00000, 0x000000074aa00000, 0x000000074ac00000|  0%| F|  |TAMS 0x000000074aa00000| PB 0x000000074aa00000| Untracked 
|  77|0x000000074ac00000, 0x000000074ac00000, 0x000000074ae00000|  0%| F|  |TAMS 0x000000074ac00000| PB 0x000000074ac00000| Untracked 
|  78|0x000000074ae00000, 0x000000074ae00000, 0x000000074b000000|  0%| F|  |TAMS 0x000000074ae00000| PB 0x000000074ae00000| Untracked 
|  79|0x000000074b000000, 0x000000074b000000, 0x000000074b200000|  0%| F|  |TAMS 0x000000074b000000| PB 0x000000074b000000| Untracked 
|  80|0x000000074b200000, 0x000000074b200000, 0x000000074b400000|  0%| F|  |TAMS 0x000000074b200000| PB 0x000000074b200000| Untracked 
|  81|0x000000074b400000, 0x000000074b400000, 0x000000074b600000|  0%| F|  |TAMS 0x000000074b400000| PB 0x000000074b400000| Untracked 
|  82|0x000000074b600000, 0x000000074b600000, 0x000000074b800000|  0%| F|  |TAMS 0x000000074b600000| PB 0x000000074b600000| Untracked 
|  83|0x000000074b800000, 0x000000074b800000, 0x000000074ba00000|  0%| F|  |TAMS 0x000000074b800000| PB 0x000000074b800000| Untracked 
|  84|0x000000074ba00000, 0x000000074ba00000, 0x000000074bc00000|  0%| F|  |TAMS 0x000000074ba00000| PB 0x000000074ba00000| Untracked 
|  85|0x000000074bc00000, 0x000000074bc00000, 0x000000074be00000|  0%| F|  |TAMS 0x000000074bc00000| PB 0x000000074bc00000| Untracked 
|  86|0x000000074be00000, 0x000000074be00000, 0x000000074c000000|  0%| F|  |TAMS 0x000000074be00000| PB 0x000000074be00000| Untracked 
|  87|0x000000074c000000, 0x000000074c000000, 0x000000074c200000|  0%| F|  |TAMS 0x000000074c000000| PB 0x000000074c000000| Untracked 
|  88|0x000000074c200000, 0x000000074c200000, 0x000000074c400000|  0%| F|  |TAMS 0x000000074c200000| PB 0x000000074c200000| Untracked 
|  89|0x000000074c400000, 0x000000074c400000, 0x000000074c600000|  0%| F|  |TAMS 0x000000074c400000| PB 0x000000074c400000| Untracked 
|  90|0x000000074c600000, 0x000000074c600000, 0x000000074c800000|  0%| F|  |TAMS 0x000000074c600000| PB 0x000000074c600000| Untracked 
|  91|0x000000074c800000, 0x000000074c900000, 0x000000074ca00000| 50%| E|  |TAMS 0x000000074c800000| PB 0x000000074c800000| Complete 
|  92|0x000000074ca00000, 0x000000074cc00000, 0x000000074cc00000|100%| E|CS|TAMS 0x000000074ca00000| PB 0x000000074ca00000| Complete 
|  93|0x000000074cc00000, 0x000000074ce00000, 0x000000074ce00000|100%| E|CS|TAMS 0x000000074cc00000| PB 0x000000074cc00000| Complete 
|  94|0x000000074ce00000, 0x000000074d000000, 0x000000074d000000|100%| E|CS|TAMS 0x000000074ce00000| PB 0x000000074ce00000| Complete 
|  95|0x000000074d000000, 0x000000074d200000, 0x000000074d200000|100%| E|CS|TAMS 0x000000074d000000| PB 0x000000074d000000| Complete 
|  96|0x000000074d200000, 0x000000074d400000, 0x000000074d400000|100%| E|CS|TAMS 0x000000074d200000| PB 0x000000074d200000| Complete 
|  97|0x000000074d400000, 0x000000074d600000, 0x000000074d600000|100%| E|CS|TAMS 0x000000074d400000| PB 0x000000074d400000| Complete 
|  98|0x000000074d600000, 0x000000074d800000, 0x000000074d800000|100%| E|CS|TAMS 0x000000074d600000| PB 0x000000074d600000| Complete 
|  99|0x000000074d800000, 0x000000074da00000, 0x000000074da00000|100%| E|CS|TAMS 0x000000074d800000| PB 0x000000074d800000| Complete 
| 100|0x000000074da00000, 0x000000074dc00000, 0x000000074dc00000|100%| E|CS|TAMS 0x000000074da00000| PB 0x000000074da00000| Complete 
| 101|0x000000074dc00000, 0x000000074de00000, 0x000000074de00000|100%| E|CS|TAMS 0x000000074dc00000| PB 0x000000074dc00000| Complete 
| 102|0x000000074de00000, 0x000000074e000000, 0x000000074e000000|100%| E|CS|TAMS 0x000000074de00000| PB 0x000000074de00000| Complete 
| 103|0x000000074e000000, 0x000000074e200000, 0x000000074e200000|100%| E|CS|TAMS 0x000000074e000000| PB 0x000000074e000000| Complete 

Card table byte_map: [0x000002596d800000,0x000002596de00000] _byte_map_base: 0x0000025969df7000

Marking Bits: (CMBitMap*) 0x000002595b0f2520
 Bits: [0x000002596de00000, 0x0000025970db8000)

Polling page: 0x0000025958f20000

Metaspace:

Usage:
  Non-class:     70.95 MB used.
      Class:      8.47 MB used.
       Both:     79.43 MB used.

Virtual space:
  Non-class space:      128.00 MB reserved,      71.19 MB ( 56%) committed,  2 nodes.
      Class space:        1.00 GB reserved,       8.69 MB ( <1%) committed,  1 nodes.
             Both:        1.12 GB reserved,      79.88 MB (  7%) committed. 

Chunk freelists:
   Non-Class:  8.73 MB
       Class:  7.18 MB
        Both:  15.92 MB

MaxMetaspaceSize: unlimited
CompressedClassSpaceSize: 1.00 GB
Initial GC threshold: 21.00 MB
Current GC threshold: 116.69 MB
CDS: off
 - commit_granule_bytes: 65536.
 - commit_granule_words: 8192.
 - virtual_space_node_default_size: 8388608.
 - enlarge_chunks_in_place: 1.
 - use_allocation_guard: 0.


Internal statistics:

num_allocs_failed_limit: 6.
num_arena_births: 348.
num_arena_deaths: 0.
num_vsnodes_births: 3.
num_vsnodes_deaths: 0.
num_space_committed: 1276.
num_space_uncommitted: 0.
num_chunks_returned_to_freelist: 6.
num_chunks_taken_from_freelist: 2831.
num_chunk_merges: 6.
num_chunk_splits: 2382.
num_chunks_enlarged: 2166.
num_inconsistent_stats: 0.

CodeHeap 'non-profiled nmethods': size=120000Kb used=10748Kb max_used=10748Kb free=109251Kb
 bounds [0x0000025965cd0000, 0x0000025966750000, 0x000002596d200000]
CodeHeap 'profiled nmethods': size=120000Kb used=52973Kb max_used=52973Kb free=67026Kb
 bounds [0x000002595e200000, 0x00000259615c0000, 0x0000025965730000]
CodeHeap 'non-nmethods': size=5760Kb used=1808Kb max_used=1888Kb free=3951Kb
 bounds [0x0000025965730000, 0x00000259659a0000, 0x0000025965cd0000]
CodeCache: size=245760Kb, used=65529Kb, max_used=65609Kb, free=180228Kb
 total_blobs=14604, nmethods=13789, adapters=715, full_count=0
Compilation: enabled, stopped_count=0, restarted_count=0

Compilation events (20 events):
Event: 47.683 Thread 0x000002597d555a40 nmethod 15679 0x000002596674d210 code [0x000002596674d460, 0x000002596674db40]
Event: 47.683 Thread 0x000002597d555a40 15684       4       org.jetbrains.kotlin.ir.visitors.IrElementTransformerVoid::visitGetValue (16 bytes)
Event: 47.684 Thread 0x000002597d555a40 nmethod 15684 0x000002596674e310 code [0x000002596674e4a0, 0x000002596674e548]
Event: 47.699 Thread 0x0000025973466b70 15692       3       org.jetbrains.kotlin.util.slicedMap.AbstractWritableSlice::getKey (8 bytes)
Event: 47.699 Thread 0x0000025973466b70 nmethod 15692 0x000002596159c190 code [0x000002596159c340, 0x000002596159c528]
Event: 47.699 Thread 0x0000025973466b70 15693       3       androidx.compose.compiler.plugins.kotlin.lower.DurableKeyTransformer::signatureString (148 bytes)
Event: 47.701 Thread 0x0000025973466b70 nmethod 15693 0x000002596159c610 code [0x000002596159ca20, 0x000002596159e0b0]
Event: 47.705 Thread 0x0000025973466b70 15694       3       java.util.WeakHashMap::put (160 bytes)
Event: 47.706 Thread 0x0000025973466b70 nmethod 15694 0x000002596159e910 code [0x000002596159eba0, 0x000002596159fbc8]
Event: 47.709 Thread 0x0000025973466b70 15695       3       androidx.compose.compiler.plugins.kotlin.lower.DurableKeyTransformer::visitValueParameter (48 bytes)
Event: 47.711 Thread 0x0000025973466b70 nmethod 15695 0x00000259615a0110 code [0x00000259615a04c0, 0x00000259615a1ac0]
Event: 47.711 Thread 0x0000025973466b70 15696       3       androidx.compose.compiler.plugins.kotlin.lower.DurableKeyTransformer$$Lambda/0x00000008008ca790::invoke (12 bytes)
Event: 47.712 Thread 0x0000025973466b70 nmethod 15696 0x00000259615a2310 code [0x00000259615a25c0, 0x00000259615a31b0]
Event: 47.717 Thread 0x0000025973466b70 15697       3       androidx.compose.compiler.plugins.kotlin.lower.DurableKeyTransformer$$Lambda/0x00000008008cb348::invoke (12 bytes)
Event: 47.718 Thread 0x0000025973466b70 nmethod 15697 0x00000259615a3610 code [0x00000259615a3860, 0x00000259615a3fe0]
Event: 47.719 Thread 0x0000025973466b70 15698       3       androidx.compose.compiler.plugins.kotlin.lower.PathPartInfo::print (177 bytes)
Event: 47.721 Thread 0x000002597d555a40 15703       4       java.util.WeakHashMap::indexFor (6 bytes)
Event: 47.722 Thread 0x000002597d555a40 nmethod 15703 0x000002596674e690 code [0x000002596674e800, 0x000002596674e870]
Event: 47.722 Thread 0x0000025973466b70 nmethod 15698 0x00000259615a4310 code [0x00000259615a47a0, 0x00000259615a6618]
Event: 47.722 Thread 0x0000025973466b70 15701       3       androidx.compose.compiler.plugins.kotlin.lower.AbstractComposeLoweringKt::firstParameterOfKind (87 bytes)

GC Heap History (20 events):
Event: 19.811 GC heap before
{Heap before GC invocations=27 (full 0):
 garbage-first heap   total 141312K, used 120423K [0x0000000741200000, 0x0000000800000000)
  region size 2048K, 18 young (36864K), 2 survivors (4096K)
 Metaspace       used 64633K, committed 64960K, reserved 1114112K
  class space    used 7359K, committed 7488K, reserved 1048576K
}
Event: 19.838 GC heap after
{Heap after GC invocations=28 (full 0):
 garbage-first heap   total 141312K, used 94502K [0x0000000741200000, 0x0000000800000000)
  region size 2048K, 3 young (6144K), 3 survivors (6144K)
 Metaspace       used 64633K, committed 64960K, reserved 1114112K
  class space    used 7359K, committed 7488K, reserved 1048576K
}
Event: 20.905 GC heap before
{Heap before GC invocations=28 (full 0):
 garbage-first heap   total 141312K, used 121126K [0x0000000741200000, 0x0000000800000000)
  region size 2048K, 16 young (32768K), 3 survivors (6144K)
 Metaspace       used 64941K, committed 65216K, reserved 1114112K
  class space    used 7385K, committed 7488K, reserved 1048576K
}
Event: 20.928 GC heap after
{Heap after GC invocations=29 (full 0):
 garbage-first heap   total 169984K, used 99079K [0x0000000741200000, 0x0000000800000000)
  region size 2048K, 2 young (4096K), 2 survivors (4096K)
 Metaspace       used 64941K, committed 65216K, reserved 1114112K
  class space    used 7385K, committed 7488K, reserved 1048576K
}
Event: 23.349 GC heap before
{Heap before GC invocations=30 (full 0):
 garbage-first heap   total 169984K, used 142087K [0x0000000741200000, 0x0000000800000000)
  region size 2048K, 23 young (47104K), 2 survivors (4096K)
 Metaspace       used 65380K, committed 65664K, reserved 1114112K
  class space    used 7403K, committed 7552K, reserved 1048576K
}
Event: 23.369 GC heap after
{Heap after GC invocations=31 (full 0):
 garbage-first heap   total 169984K, used 105668K [0x0000000741200000, 0x0000000800000000)
  region size 2048K, 3 young (6144K), 3 survivors (6144K)
 Metaspace       used 65380K, committed 65664K, reserved 1114112K
  class space    used 7403K, committed 7552K, reserved 1048576K
}
Event: 25.500 GC heap before
{Heap before GC invocations=31 (full 0):
 garbage-first heap   total 169984K, used 146628K [0x0000000741200000, 0x0000000800000000)
  region size 2048K, 23 young (47104K), 3 survivors (6144K)
 Metaspace       used 65738K, committed 66048K, reserved 1114112K
  class space    used 7410K, committed 7552K, reserved 1048576K
}
Event: 25.527 GC heap after
{Heap after GC invocations=32 (full 0):
 garbage-first heap   total 169984K, used 110124K [0x0000000741200000, 0x0000000800000000)
  region size 2048K, 3 young (6144K), 3 survivors (6144K)
 Metaspace       used 65738K, committed 66048K, reserved 1114112K
  class space    used 7410K, committed 7552K, reserved 1048576K
}
Event: 27.343 GC heap before
{Heap before GC invocations=32 (full 0):
 garbage-first heap   total 169984K, used 149036K [0x0000000741200000, 0x0000000800000000)
  region size 2048K, 22 young (45056K), 3 survivors (6144K)
 Metaspace       used 65957K, committed 66240K, reserved 1114112K
  class space    used 7418K, committed 7552K, reserved 1048576K
}
Event: 27.359 GC heap after
{Heap after GC invocations=33 (full 0):
 garbage-first heap   total 169984K, used 113833K [0x0000000741200000, 0x0000000800000000)
  region size 2048K, 2 young (4096K), 2 survivors (4096K)
 Metaspace       used 65957K, committed 66240K, reserved 1114112K
  class space    used 7418K, committed 7552K, reserved 1048576K
}
Event: 29.089 GC heap before
{Heap before GC invocations=34 (full 0):
 garbage-first heap   total 192512K, used 152745K [0x0000000741200000, 0x0000000800000000)
  region size 2048K, 21 young (43008K), 2 survivors (4096K)
 Metaspace       used 66191K, committed 66560K, reserved 1114112K
  class space    used 7423K, committed 7552K, reserved 1048576K
}
Event: 29.099 GC heap after
{Heap after GC invocations=35 (full 0):
 garbage-first heap   total 192512K, used 115802K [0x0000000741200000, 0x0000000800000000)
  region size 2048K, 3 young (6144K), 3 survivors (6144K)
 Metaspace       used 66191K, committed 66560K, reserved 1114112K
  class space    used 7423K, committed 7552K, reserved 1048576K
}
Event: 33.631 GC heap before
{Heap before GC invocations=35 (full 0):
 garbage-first heap   total 192512K, used 173146K [0x0000000741200000, 0x0000000800000000)
  region size 2048K, 31 young (63488K), 3 survivors (6144K)
 Metaspace       used 70501K, committed 70848K, reserved 1114112K
  class space    used 7756K, committed 7936K, reserved 1048576K
}
Event: 33.658 GC heap after
{Heap after GC invocations=36 (full 0):
 garbage-first heap   total 192512K, used 120089K [0x0000000741200000, 0x0000000800000000)
  region size 2048K, 4 young (8192K), 4 survivors (8192K)
 Metaspace       used 70501K, committed 70848K, reserved 1114112K
  class space    used 7756K, committed 7936K, reserved 1048576K
}
Event: 38.150 GC heap before
{Heap before GC invocations=36 (full 0):
 garbage-first heap   total 192512K, used 171289K [0x0000000741200000, 0x0000000800000000)
  region size 2048K, 29 young (59392K), 4 survivors (8192K)
 Metaspace       used 71291K, committed 71680K, reserved 1114112K
  class space    used 7811K, committed 8000K, reserved 1048576K
}
Event: 38.178 GC heap after
{Heap after GC invocations=37 (full 0):
 garbage-first heap   total 192512K, used 126288K [0x0000000741200000, 0x0000000800000000)
  region size 2048K, 3 young (6144K), 3 survivors (6144K)
 Metaspace       used 71291K, committed 71680K, reserved 1114112K
  class space    used 7811K, committed 8000K, reserved 1048576K
}
Event: 41.663 GC heap before
{Heap before GC invocations=38 (full 0):
 garbage-first heap   total 212992K, used 173392K [0x0000000741200000, 0x0000000800000000)
  region size 2048K, 26 young (53248K), 3 survivors (6144K)
 Metaspace       used 77048K, committed 77440K, reserved 1179648K
  class space    used 8321K, committed 8512K, reserved 1048576K
}
Event: 41.689 GC heap after
{Heap after GC invocations=39 (full 0):
 garbage-first heap   total 212992K, used 132895K [0x0000000741200000, 0x0000000800000000)
  region size 2048K, 4 young (8192K), 4 survivors (8192K)
 Metaspace       used 77048K, committed 77440K, reserved 1179648K
  class space    used 8321K, committed 8512K, reserved 1048576K
}
Event: 45.384 GC heap before
{Heap before GC invocations=39 (full 0):
 garbage-first heap   total 212992K, used 188191K [0x0000000741200000, 0x0000000800000000)
  region size 2048K, 31 young (63488K), 4 survivors (8192K)
 Metaspace       used 79055K, committed 79424K, reserved 1179648K
  class space    used 8469K, committed 8640K, reserved 1048576K
}
Event: 45.439 GC heap after
{Heap after GC invocations=40 (full 0):
 garbage-first heap   total 212992K, used 143265K [0x0000000741200000, 0x0000000800000000)
  region size 2048K, 4 young (8192K), 4 survivors (8192K)
 Metaspace       used 79055K, committed 79424K, reserved 1179648K
  class space    used 8469K, committed 8640K, reserved 1048576K
}

Dll operation events (3 events):
Event: 0.014 Loaded shared library C:\Program Files\Android\Android Studio\jbr\bin\java.dll
Event: 0.025 Loaded shared library C:\Program Files\Android\Android Studio\jbr\bin\zip.dll
Event: 3.276 Loaded shared library C:\Program Files\Android\Android Studio\jbr\bin\verify.dll

Deoptimization events (20 events):
Event: 47.623 Thread 0x0000025958d31910 Uncommon trap: trap_request=0xffffffc6 fr.pc=0x0000025966744574 relative=0x00000000000007d4
Event: 47.623 Thread 0x0000025958d31910 Uncommon trap: reason=bimorphic_or_optimized_type_check action=maybe_recompile pc=0x0000025966744574 method=org.jetbrains.kotlin.ir.visitors.IrElementTransformerVoid.visitCall(Lorg/jetbrains/kotlin/ir/expressions/IrCall;Ljava/lang/Void;)Lorg/jetbrains/kot
Event: 47.623 Thread 0x0000025958d31910 DEOPT PACKING pc=0x0000025966744574 sp=0x0000008edeafadf0
Event: 47.623 Thread 0x0000025958d31910 DEOPT UNPACKING pc=0x00000259657846a2 sp=0x0000008edeafad40 mode 2
Event: 47.629 Thread 0x0000025958d31910 Uncommon trap: trap_request=0xffffffc6 fr.pc=0x0000025966744574 relative=0x00000000000007d4
Event: 47.629 Thread 0x0000025958d31910 Uncommon trap: reason=bimorphic_or_optimized_type_check action=maybe_recompile pc=0x0000025966744574 method=org.jetbrains.kotlin.ir.visitors.IrElementTransformerVoid.visitCall(Lorg/jetbrains/kotlin/ir/expressions/IrCall;Ljava/lang/Void;)Lorg/jetbrains/kot
Event: 47.629 Thread 0x0000025958d31910 DEOPT PACKING pc=0x0000025966744574 sp=0x0000008edeafa7a0
Event: 47.629 Thread 0x0000025958d31910 DEOPT UNPACKING pc=0x00000259657846a2 sp=0x0000008edeafa6f0 mode 2
Event: 47.629 Thread 0x0000025958d31910 Uncommon trap: trap_request=0xffffffc6 fr.pc=0x0000025966744574 relative=0x00000000000007d4
Event: 47.629 Thread 0x0000025958d31910 Uncommon trap: reason=bimorphic_or_optimized_type_check action=maybe_recompile pc=0x0000025966744574 method=org.jetbrains.kotlin.ir.visitors.IrElementTransformerVoid.visitCall(Lorg/jetbrains/kotlin/ir/expressions/IrCall;Ljava/lang/Void;)Lorg/jetbrains/kot
Event: 47.629 Thread 0x0000025958d31910 DEOPT PACKING pc=0x0000025966744574 sp=0x0000008edeafa150
Event: 47.629 Thread 0x0000025958d31910 DEOPT UNPACKING pc=0x00000259657846a2 sp=0x0000008edeafa0a0 mode 2
Event: 47.629 Thread 0x0000025958d31910 Uncommon trap: trap_request=0xffffffc6 fr.pc=0x0000025966744574 relative=0x00000000000007d4
Event: 47.629 Thread 0x0000025958d31910 Uncommon trap: reason=bimorphic_or_optimized_type_check action=maybe_recompile pc=0x0000025966744574 method=org.jetbrains.kotlin.ir.visitors.IrElementTransformerVoid.visitCall(Lorg/jetbrains/kotlin/ir/expressions/IrCall;Ljava/lang/Void;)Lorg/jetbrains/kot
Event: 47.629 Thread 0x0000025958d31910 DEOPT PACKING pc=0x0000025966744574 sp=0x0000008edeafadf0
Event: 47.629 Thread 0x0000025958d31910 DEOPT UNPACKING pc=0x00000259657846a2 sp=0x0000008edeafad40 mode 2
Event: 47.666 Thread 0x0000025958d31910 Uncommon trap: trap_request=0xffffff45 fr.pc=0x000002596674b584 relative=0x0000000000000a64
Event: 47.666 Thread 0x0000025958d31910 Uncommon trap: reason=unstable_if action=reinterpret pc=0x000002596674b584 method=java.util.WeakHashMap.put(Ljava/lang/Object;Ljava/lang/Object;)Ljava/lang/Object; @ 146 c2
Event: 47.666 Thread 0x0000025958d31910 DEOPT PACKING pc=0x000002596674b584 sp=0x0000008edeafc9c0
Event: 47.666 Thread 0x0000025958d31910 DEOPT UNPACKING pc=0x00000259657846a2 sp=0x0000008edeafc998 mode 2

Classes loaded (20 events):
Event: 25.131 Loading class java/security/CodeSigner
Event: 25.131 Loading class java/security/CodeSigner done
Event: 29.722 Loading class java/text/MessageFormat
Event: 29.724 Loading class java/text/Format
Event: 29.724 Loading class java/text/Format done
Event: 29.724 Loading class java/text/MessageFormat done
Event: 29.724 Loading class java/util/Locale$Category
Event: 29.724 Loading class java/util/Locale$Category done
Event: 29.845 Loading class java/text/ChoiceFormat
Event: 29.846 Loading class java/text/NumberFormat
Event: 29.847 Loading class java/text/NumberFormat done
Event: 29.847 Loading class java/text/ChoiceFormat done
Event: 45.486 Loading class java/lang/Character$UnicodeBlock
Event: 45.488 Loading class java/lang/Character$Subset
Event: 45.488 Loading class java/lang/Character$Subset done
Event: 45.491 Loading class java/lang/Character$UnicodeBlock done
Event: 45.955 Loading class java/lang/Short$ShortCache
Event: 45.956 Loading class java/lang/Short$ShortCache done
Event: 47.607 Loading class java/util/Collections$SynchronizedMap
Event: 47.607 Loading class java/util/Collections$SynchronizedMap done

Classes unloaded (0 events):
No events

Classes redefined (0 events):
No events

Internal exceptions (20 events):
Event: 29.915 Thread 0x0000025958d31910 Implicit null exception at 0x0000025966049624 to 0x0000025966049a68
Event: 29.958 Thread 0x0000025958d31910 Exception <a 'java/lang/NoSuchMethodError'{0x000000074b842e80}: 'java.lang.Object java.lang.invoke.DirectMethodHandle$Holder.invokeStatic(java.lang.Object, int, int, java.lang.Object)'> (0x000000074b842e80) 
thrown [s\src\hotspot\share\interpreter\linkResolver.cpp, line 784]
Event: 29.959 Thread 0x0000025958d31910 Exception <a 'java/lang/NoSuchMethodError'{0x000000074b846560}: 'java.lang.Object java.lang.invoke.DirectMethodHandle$Holder.invokeStaticInit(java.lang.Object, int, int, java.lang.Object)'> (0x000000074b846560) 
thrown [s\src\hotspot\share\interpreter\linkResolver.cpp, line 784]
Event: 30.030 Thread 0x0000025958d31910 Exception <a 'java/lang/NoSuchMethodError'{0x000000074b96d978}: 'java.lang.Object java.lang.invoke.DirectMethodHandle$Holder.invokeStatic(java.lang.Object, java.lang.Object, java.lang.Object, java.lang.Object, java.lang.Object, int)'> (0x000000074b96d978) 
thrown [s\src\hotspot\share\interpreter\linkResolver.cpp, line 784]
Event: 30.039 Thread 0x0000025958d31910 Implicit null exception at 0x0000025965e51eba to 0x0000025965e52160
Event: 30.051 Thread 0x0000025958d31910 Implicit null exception at 0x0000025966013263 to 0x000002596601344c
Event: 37.412 Thread 0x0000025958d31910 Exception <a 'java/lang/NoSuchMethodError'{0x000000074aff4708}: 'java.lang.Object java.lang.invoke.DirectMethodHandle$Holder.newInvokeSpecial(java.lang.Object, java.lang.Object, int, java.lang.Object, java.lang.Object, java.lang.Object)'> (0x000000074aff4708) 
thrown [s\src\hotspot\share\interpreter\linkResolver.cpp, line 784]
Event: 37.413 Thread 0x0000025958d31910 Exception <a 'java/lang/NoSuchMethodError'{0x000000074aff8888}: 'java.lang.Object java.lang.invoke.DirectMethodHandle$Holder.invokeSpecial(java.lang.Object, java.lang.Object, java.lang.Object, int, java.lang.Object, java.lang.Object, java.lang.Object)'> (0x000000074aff8888) 
thrown [s\src\hotspot\share\interpreter\linkResolver.cpp, line 784]
Event: 37.413 Thread 0x0000025958d31910 Exception <a 'java/lang/NoSuchMethodError'{0x000000074affbf00}: 'java.lang.Object java.lang.invoke.Invokers$Holder.linkToTargetMethod(java.lang.Object, int, java.lang.Object, java.lang.Object, java.lang.Object, java.lang.Object)'> (0x000000074affbf00) 
thrown [s\src\hotspot\share\interpreter\linkResolver.cpp, line 784]
Event: 40.315 Thread 0x0000025958d31910 Implicit null exception at 0x0000025965eca4a2 to 0x0000025965eca8b0
Event: 40.319 Thread 0x0000025958d31910 Implicit null exception at 0x0000025965eae522 to 0x0000025965eae92c
Event: 40.908 Thread 0x0000025958d31910 Exception <a 'java/lang/NoSuchMethodError'{0x000000074b9a85f8}: 'java.lang.Object java.lang.invoke.DirectMethodHandle$Holder.newInvokeSpecial(java.lang.Object, java.lang.Object, java.lang.Object, java.lang.Object, java.lang.Object, java.lang.Object, java.lang.Object, java.lang.Object, int)'> (0x000000074b9a85f8) 
thrown [s\src\hotspot\share\interpreter\linkResolver.cpp, line 784]
Event: 40.908 Thread 0x0000025958d31910 Exception <a 'java/lang/NoSuchMethodError'{0x000000074b9ad3a0}: 'java.lang.Object java.lang.invoke.DirectMethodHandle$Holder.invokeSpecial(java.lang.Object, java.lang.Object, java.lang.Object, java.lang.Object, java.lang.Object, java.lang.Object, java.lang.Object, java.lang.Object, java.lang.Object, int)'> (0x000000074b9ad3a0) 
thrown [s\src\hotspot\share\interpreter\linkResolver.cpp, line 784]
Event: 41.738 Thread 0x0000025958d31910 Exception <a 'java/lang/NoSuchMethodError'{0x000000074e01d5f8}: 'java.lang.Object java.lang.invoke.DirectMethodHandle$Holder.invokeStatic(java.lang.Object, java.lang.Object, int, int)'> (0x000000074e01d5f8) 
thrown [s\src\hotspot\share\interpreter\linkResolver.cpp, line 784]
Event: 42.185 Thread 0x0000025958d31910 Exception <a 'java/lang/NoSuchMethodError'{0x000000074df34a18}: 'java.lang.Object java.lang.invoke.DirectMethodHandle$Holder.newInvokeSpecial(java.lang.Object, java.lang.Object, java.lang.Object, java.lang.Object, java.lang.Object, java.lang.Object, java.lang.Object, int)'> (0x000000074df34a18) 
thrown [s\src\hotspot\share\interpreter\linkResolver.cpp, line 784]
Event: 42.186 Thread 0x0000025958d31910 Exception <a 'java/lang/NoSuchMethodError'{0x000000074df39628}: 'java.lang.Object java.lang.invoke.DirectMethodHandle$Holder.invokeSpecial(java.lang.Object, java.lang.Object, java.lang.Object, java.lang.Object, java.lang.Object, java.lang.Object, java.lang.Object, java.lang.Object, int)'> (0x000000074df39628) 
thrown [s\src\hotspot\share\interpreter\linkResolver.cpp, line 784]
Event: 47.625 Thread 0x0000025958d31910 Exception <a 'java/lang/NoSuchMethodError'{0x000000074cb3ddb0}: 'java.lang.Object java.lang.invoke.DirectMethodHandle$Holder.invokeStatic(java.lang.Object, java.lang.Object, int, java.lang.Object, java.lang.Object)'> (0x000000074cb3ddb0) 
thrown [s\src\hotspot\share\interpreter\linkResolver.cpp, line 784]
Event: 47.627 Thread 0x0000025958d31910 Exception <a 'java/lang/NoSuchMethodError'{0x000000074cb458d0}: 'java.lang.Object java.lang.invoke.DirectMethodHandle$Holder.newInvokeSpecial(java.lang.Object, java.lang.Object, int, java.lang.Object, java.lang.Object)'> (0x000000074cb458d0) 
thrown [s\src\hotspot\share\interpreter\linkResolver.cpp, line 784]
Event: 47.628 Thread 0x0000025958d31910 Exception <a 'java/lang/NoSuchMethodError'{0x000000074cb4a398}: 'java.lang.Object java.lang.invoke.DirectMethodHandle$Holder.invokeSpecial(java.lang.Object, java.lang.Object, java.lang.Object, int, java.lang.Object, java.lang.Object)'> (0x000000074cb4a398) 
thrown [s\src\hotspot\share\interpreter\linkResolver.cpp, line 784]
Event: 47.628 Thread 0x0000025958d31910 Exception <a 'java/lang/NoSuchMethodError'{0x000000074cb4e3f0}: 'java.lang.Object java.lang.invoke.Invokers$Holder.linkToTargetMethod(java.lang.Object, int, java.lang.Object, java.lang.Object, java.lang.Object)'> (0x000000074cb4e3f0) 
thrown [s\src\hotspot\share\interpreter\linkResolver.cpp, line 784]

ZGC Phase Switch (0 events):
No events

VM Operations (20 events):
Event: 46.187 Executing VM operation: ICBufferFull
Event: 46.188 Executing VM operation: ICBufferFull done
Event: 46.344 Executing VM operation: HandshakeAllThreads (Deoptimize)
Event: 46.344 Executing VM operation: HandshakeAllThreads (Deoptimize) done
Event: 46.511 Executing VM operation: HandshakeAllThreads (Deoptimize)
Event: 46.511 Executing VM operation: HandshakeAllThreads (Deoptimize) done
Event: 46.520 Executing VM operation: ICBufferFull
Event: 46.520 Executing VM operation: ICBufferFull done
Event: 46.536 Executing VM operation: HandshakeAllThreads (Deoptimize)
Event: 46.536 Executing VM operation: HandshakeAllThreads (Deoptimize) done
Event: 46.928 Executing VM operation: ICBufferFull
Event: 46.929 Executing VM operation: ICBufferFull done
Event: 47.041 Executing VM operation: HandshakeAllThreads (Deoptimize)
Event: 47.041 Executing VM operation: HandshakeAllThreads (Deoptimize) done
Event: 47.393 Executing VM operation: ICBufferFull
Event: 47.393 Executing VM operation: ICBufferFull done
Event: 47.530 Executing VM operation: HandshakeAllThreads (Deoptimize)
Event: 47.530 Executing VM operation: HandshakeAllThreads (Deoptimize) done
Event: 47.589 Executing VM operation: HandshakeAllThreads (Deoptimize)
Event: 47.589 Executing VM operation: HandshakeAllThreads (Deoptimize) done

Memory protections (0 events):
No events

Nmethod flushes (20 events):
Event: 38.717 Thread 0x0000025973283c80 flushing  nmethod 0x000002595f1cc090
Event: 38.717 Thread 0x0000025973283c80 flushing  nmethod 0x000002595f1cc410
Event: 38.717 Thread 0x0000025973283c80 flushing  nmethod 0x000002595f1d1890
Event: 38.717 Thread 0x0000025973283c80 flushing  nmethod 0x000002595f1d1e90
Event: 38.717 Thread 0x0000025973283c80 flushing  nmethod 0x000002595f23e290
Event: 38.717 Thread 0x0000025973283c80 flushing  nmethod 0x000002595f272f90
Event: 38.717 Thread 0x0000025973283c80 flushing  nmethod 0x000002595f27b790
Event: 38.717 Thread 0x0000025973283c80 flushing  nmethod 0x000002595f282910
Event: 38.717 Thread 0x0000025973283c80 flushing  nmethod 0x000002595f2cdd90
Event: 38.717 Thread 0x0000025973283c80 flushing  nmethod 0x000002595f2d8190
Event: 38.717 Thread 0x0000025973283c80 flushing  nmethod 0x000002595f478610
Event: 38.717 Thread 0x0000025973283c80 flushing  nmethod 0x000002595f494f90
Event: 38.717 Thread 0x0000025973283c80 flushing  nmethod 0x000002595f546610
Event: 38.717 Thread 0x0000025973283c80 flushing  nmethod 0x000002595f5c8210
Event: 38.717 Thread 0x0000025973283c80 flushing  nmethod 0x000002595f621290
Event: 38.717 Thread 0x0000025973283c80 flushing  nmethod 0x000002595f622c90
Event: 38.717 Thread 0x0000025973283c80 flushing  nmethod 0x000002595f628890
Event: 38.717 Thread 0x0000025973283c80 flushing  nmethod 0x000002595f62e190
Event: 38.717 Thread 0x0000025973283c80 flushing  nmethod 0x000002595f743810
Event: 38.717 Thread 0x0000025973283c80 flushing  nmethod 0x000002595fe59510

Events (20 events):
Event: 0.262 Loaded shared library C:\Program Files\Android\Android Studio\jbr\bin\nio.dll
Event: 0.299 Thread 0x0000025973443280 Thread added: 0x00000259736607c0
Event: 0.318 Loaded shared library C:\Program Files\Android\Android Studio\jbr\bin\zip.dll
Event: 0.439 Loaded shared library C:\Program Files\Android\Android Studio\jbr\bin\jimage.dll
Event: 0.821 Thread 0x00000259736607c0 Thread exited: 0x00000259736607c0
Event: 1.092 Loaded shared library C:\Program Files\Android\Android Studio\jbr\bin\management.dll
Event: 1.113 Loaded shared library C:\Program Files\Android\Android Studio\jbr\bin\management_ext.dll
Event: 3.514 Thread 0x0000025973466b70 Thread added: 0x0000025978f35870
Event: 4.430 Thread 0x0000025978f35870 Thread exited: 0x0000025978f35870
Event: 4.656 Thread 0x0000025973466b70 Thread added: 0x0000025979360a90
Event: 5.057 Thread 0x0000025979360a90 Thread exited: 0x0000025979360a90
Event: 5.329 Thread 0x0000025973466b70 Thread added: 0x000002597d2d9c00
Event: 6.001 Thread 0x000002597d2d9c00 Thread exited: 0x000002597d2d9c00
Event: 6.538 Thread 0x0000025973466b70 Thread added: 0x000002597cc328b0
Event: 34.442 Thread 0x000002597cc328b0 Thread exited: 0x000002597cc328b0
Event: 35.028 Thread 0x0000025973443280 Thread added: 0x000002597fadae30
Event: 37.207 Thread 0x000002597fadae30 Thread exited: 0x000002597fadae30
Event: 37.463 Thread 0x0000025973466b70 Thread added: 0x000002597fadc970
Event: 40.600 Thread 0x000002597fadc970 Thread exited: 0x000002597fadc970
Event: 40.748 Thread 0x0000025973466b70 Thread added: 0x000002597d555a40


Dynamic libraries:
0x00007ff6a7660000 - 0x00007ff6a766a000 	C:\Program Files\Android\Android Studio\jbr\bin\java.exe
0x00007ffa25f70000 - 0x00007ffa26168000 	C:\Windows\SYSTEM32\ntdll.dll
0x00007ffa243c0000 - 0x00007ffa24482000 	C:\Windows\System32\KERNEL32.DLL
0x00007ffa23730000 - 0x00007ffa23a26000 	C:\Windows\System32\KERNELBASE.dll
0x00007ffa23c10000 - 0x00007ffa23d10000 	C:\Windows\System32\ucrtbase.dll
0x00007ff99f460000 - 0x00007ff99f47b000 	C:\Program Files\Android\Android Studio\jbr\bin\VCRUNTIME140.dll
0x00007ff9fe460000 - 0x00007ff9fe478000 	C:\Program Files\Android\Android Studio\jbr\bin\jli.dll
0x00007ffa24b50000 - 0x00007ffa24cf1000 	C:\Windows\System32\USER32.dll
0x00007ffa23b90000 - 0x00007ffa23bb2000 	C:\Windows\System32\win32u.dll
0x00007ffa17890000 - 0x00007ffa17b2b000 	C:\Windows\WinSxS\amd64_microsoft.windows.common-controls_6595b64144ccf1df_6.0.19041.6456_none_60b8a6cb71f64256\COMCTL32.dll
0x00007ffa24700000 - 0x00007ffa2472b000 	C:\Windows\System32\GDI32.dll
0x00007ffa25500000 - 0x00007ffa2559e000 	C:\Windows\System32\msvcrt.dll
0x00007ffa23d10000 - 0x00007ffa23e29000 	C:\Windows\System32\gdi32full.dll
0x00007ffa23ec0000 - 0x00007ffa23f5d000 	C:\Windows\System32\msvcp_win.dll
0x00007ffa24820000 - 0x00007ffa2484f000 	C:\Windows\System32\IMM32.DLL
0x00007ff9de750000 - 0x00007ff9de75c000 	C:\Program Files\Android\Android Studio\jbr\bin\vcruntime140_1.dll
0x00007ff9e1410000 - 0x00007ff9e149d000 	C:\Program Files\Android\Android Studio\jbr\bin\msvcp140.dll
0x00007ff987df0000 - 0x00007ff988a86000 	C:\Program Files\Android\Android Studio\jbr\bin\server\jvm.dll
0x00007ffa25a10000 - 0x00007ffa25ac1000 	C:\Windows\System32\ADVAPI32.dll
0x00007ffa25e90000 - 0x00007ffa25f2f000 	C:\Windows\System32\sechost.dll
0x00007ffa24910000 - 0x00007ffa24a30000 	C:\Windows\System32\RPCRT4.dll
0x00007ffa23f60000 - 0x00007ffa23f87000 	C:\Windows\System32\bcrypt.dll
0x00007ffa24580000 - 0x00007ffa245eb000 	C:\Windows\System32\WS2_32.dll
0x00007ffa233b0000 - 0x00007ffa233fb000 	C:\Windows\SYSTEM32\POWRPROF.dll
0x00007ffa19280000 - 0x00007ffa1928a000 	C:\Windows\SYSTEM32\VERSION.dll
0x00007ffa18be0000 - 0x00007ffa18c07000 	C:\Windows\SYSTEM32\WINMM.dll
0x00007ffa23390000 - 0x00007ffa233a2000 	C:\Windows\SYSTEM32\UMPDC.dll
0x00007ffa21430000 - 0x00007ffa21442000 	C:\Windows\SYSTEM32\kernel.appcore.dll
0x00007ff9d2120000 - 0x00007ff9d212a000 	C:\Program Files\Android\Android Studio\jbr\bin\jimage.dll
0x00007ffa15160000 - 0x00007ffa15361000 	C:\Windows\SYSTEM32\DBGHELP.DLL
0x00007ffa12730000 - 0x00007ffa12764000 	C:\Windows\SYSTEM32\dbgcore.DLL
0x00007ffa23e30000 - 0x00007ffa23eb2000 	C:\Windows\System32\bcryptPrimitives.dll
0x00007ffa02270000 - 0x00007ffa02290000 	C:\Program Files\Android\Android Studio\jbr\bin\java.dll
0x00007ff99f400000 - 0x00007ff99f418000 	C:\Program Files\Android\Android Studio\jbr\bin\zip.dll
0x00007ffa24d00000 - 0x00007ffa25470000 	C:\Windows\System32\SHELL32.dll
0x00007ffa21630000 - 0x00007ffa21dd5000 	C:\Windows\SYSTEM32\windows.storage.dll
0x00007ffa25ad0000 - 0x00007ffa25e24000 	C:\Windows\System32\combase.dll
0x00007ffa22e70000 - 0x00007ffa22e9b000 	C:\Windows\SYSTEM32\Wldp.dll
0x00007ffa24730000 - 0x00007ffa247fd000 	C:\Windows\System32\OLEAUT32.dll
0x00007ffa24650000 - 0x00007ffa246fd000 	C:\Windows\System32\SHCORE.dll
0x00007ffa24360000 - 0x00007ffa243bb000 	C:\Windows\System32\shlwapi.dll
0x00007ffa23530000 - 0x00007ffa23554000 	C:\Windows\SYSTEM32\profapi.dll
0x00007ff9e1400000 - 0x00007ff9e1410000 	C:\Program Files\Android\Android Studio\jbr\bin\net.dll
0x00007ffa1d3f0000 - 0x00007ffa1d4fa000 	C:\Windows\SYSTEM32\WINHTTP.dll
0x00007ffa22c50000 - 0x00007ffa22cba000 	C:\Windows\system32\mswsock.dll
0x00007ff99f790000 - 0x00007ff99f7a6000 	C:\Program Files\Android\Android Studio\jbr\bin\nio.dll
0x00007ff9cf7b0000 - 0x00007ff9cf7b9000 	C:\Program Files\Android\Android Studio\jbr\bin\management.dll
0x00007ff9ce480000 - 0x00007ff9ce48b000 	C:\Program Files\Android\Android Studio\jbr\bin\management_ext.dll
0x00007ffa24490000 - 0x00007ffa24498000 	C:\Windows\System32\PSAPI.DLL
0x00007ffa12d80000 - 0x00007ffa12d90000 	C:\Program Files\Android\Android Studio\jbr\bin\verify.dll

JVMTI agents: none

dbghelp: loaded successfully - version: 4.0.5 - missing functions: none
symbol engine: initialized successfully - sym options: 0x614 - pdb path: .;C:\Program Files\Android\Android Studio\jbr\bin;C:\Windows\SYSTEM32;C:\Windows\WinSxS\amd64_microsoft.windows.common-controls_6595b64144ccf1df_6.0.19041.6456_none_60b8a6cb71f64256;C:\Program Files\Android\Android Studio\jbr\bin\server

VM Arguments:
java_command: org.jetbrains.kotlin.cli.jvm.K2JVMCompiler @C:\Users\ASB\Desktop\projects\Android projects\SmartTaskTracker\app\build\20260416_13083703074563759655.compiler.options
java_class_path (initial): C:\Users\ASB\.gradle\caches\modules-2\files-2.1\org.jetbrains.kotlin\kotlin-compiler-embeddable\2.2.10\6882d39ef03b18879c1a5d2a83c2212361bed5fe\kotlin-compiler-embeddable-2.2.10.jar;C:\Users\ASB\.gradle\caches\modules-2\files-2.1\org.jetbrains.kotlin\kotlin-stdlib\2.2.10\30de6faa127a4a012db8e71bf1b9c0a99b1402b2\kotlin-stdlib-2.2.10.jar;C:\Users\ASB\.gradle\caches\modules-2\files-2.1\org.jetbrains.kotlin\kotlin-script-runtime\2.2.10\712f9bc08f378c13a4a00f0bbb28c76e59183e83\kotlin-script-runtime-2.2.10.jar;C:\Users\ASB\.gradle\caches\modules-2\files-2.1\org.jetbrains.kotlin\kotlin-reflect\1.6.10\1cbe9c92c12a94eea200d23c2bbaedaf3daf5132\kotlin-reflect-1.6.10.jar;C:\Users\ASB\.gradle\caches\modules-2\files-2.1\org.jetbrains.kotlin\kotlin-daemon-embeddable\2.2.10\212fd3c2c6e4e5d0f4db3c4191233e2b622380cc\kotlin-daemon-embeddable-2.2.10.jar;C:\Users\ASB\.gradle\caches\modules-2\files-2.1\org.jetbrains.kotlinx\kotlinx-coroutines-core-jvm\1.8.0\ac1dc37a30a93150b704022f8d895ee1bd3a36b3\kotlinx-coroutines-core-jvm-1.8.0.jar;C:\Users\ASB\.gradle\caches\modules-2\files-2.1\org.jetbrains\annotations\13.0\919f0dfe192fb4e063e7dacadee7f8bb9a2672a9\annotations-13.0.jar
Launcher Type: SUN_STANDARD

[Global flags]
     intx CICompilerCount                          = 3                                         {product} {ergonomic}
     uint ConcGCThreads                            = 1                                         {product} {ergonomic}
     uint G1ConcRefinementThreads                  = 4                                         {product} {ergonomic}
   size_t G1HeapRegionSize                         = 2097152                                   {product} {ergonomic}
    uintx GCDrainStackTargetSize                   = 64                                        {product} {ergonomic}
   size_t InitialHeapSize                          = 201326592                                 {product} {ergonomic}
   size_t MarkStackSize                            = 4194304                                   {product} {ergonomic}
   size_t MaxHeapSize                              = 3202351104                                {product} {ergonomic}
   size_t MaxNewSize                               = 1920991232                                {product} {ergonomic}
   size_t MinHeapDeltaBytes                        = 2097152                                   {product} {ergonomic}
   size_t MinHeapSize                              = 8388608                                   {product} {ergonomic}
    uintx NonNMethodCodeHeapSize                   = 5832780                                {pd product} {ergonomic}
    uintx NonProfiledCodeHeapSize                  = 122912730                              {pd product} {ergonomic}
    uintx ProfiledCodeHeapSize                     = 122912730                              {pd product} {ergonomic}
    uintx ReservedCodeCacheSize                    = 251658240                              {pd product} {ergonomic}
     bool SegmentedCodeCache                       = true                                      {product} {ergonomic}
   size_t SoftMaxHeapSize                          = 3202351104                             {manageable} {ergonomic}
     bool UseCompressedOops                        = true                           {product lp64_product} {ergonomic}
     bool UseG1GC                                  = true                                      {product} {ergonomic}
     bool UseLargePagesIndividualAllocation        = false                                  {pd product} {ergonomic}

Logging:
Log output configuration:
 #0: stdout all=warning uptime,level,tags foldmultilines=false
 #1: stderr all=off uptime,level,tags foldmultilines=false

Environment Variables:
JAVA_HOME=C:\Program Files\Eclipse Adoptium\jdk-17.0.17.10-hotspot\
PATH=C:\Program Files\Eclipse Adoptium\jdk-17.0.17.10-hotspot\bin;C:\Program Files\Common Files\Oracle\Java\javapath;C:\Windows\system32;C:\Windows;C:\Windows\System32\Wbem;C:\Windows\System32\WindowsPowerShell\v1.0\;C:\Windows\System32\OpenSSH\;C:\Program Files (x86)\ATI Technologies\ATI.ACE\Core-Static;"C:\Windows\System32;";C:\Program Files (x86)\Microsoft SQL Server\160\Tools\Binn\;C:\Program Files\Microsoft SQL Server\160\Tools\Binn\;C:\Program Files\Microsoft SQL Server\Client SDK\ODBC\170\Tools\Binn\;C:\Program Files\Microsoft SQL Server\160\DTS\Binn\;C:\Program Files (x86)\Microsoft SQL Server\160\DTS\Binn\;C:\Program Files\Azure Data Studio\bin;C:\Program Files\Git\cmd;C:\Program Files\apache-maven-3.9.9-bin\apache-maven-3.9.9\bin;C:\Program Files\MySQL\MySQL Server 8.0\bin;C:\scrcpy;C:\Program Files\nodejs\;C:\xampp\php;C:\Users\ASB\AppData\Local\Programs\Python\Python312\Scripts\;C:\Users\ASB\AppData\Local\Programs\Python\Python312\;C:\Users\ASB\AppData\Local\Programs\Python\Launcher\;C:\Users\ASB\AppData\Local\Microsoft\WindowsApps;MinGW.rar\MinGW\bin - RAR archive, unpacked size 344,360,968 bytes;C:\Users\ASB\AppData\Local\Programs\Microsoft VS Code\bin;C:\Program Files\Azure Data Studio\bin;C:\msys64\ucrt64\bin;;C:\Users\ASB\AppData\Local\Android\Sdk\platform-tools;C:\Users\ASB\AppData\Roaming\npm;C:\Users\ASB\AppData\Local\Programs\cursor\resources\app\bin
USERNAME=Bashar
OS=Windows_NT
PROCESSOR_IDENTIFIER=Intel64 Family 6 Model 69 Stepping 1, GenuineIntel
TMP=C:\Users\ASB\AppData\Local\Temp
TEMP=C:\Users\ASB\AppData\Local\Temp




Periodic native trim disabled

JNI global refs:
JNI global refs: 13, weak refs: 0

JNI global refs memory usage: 835, weak refs: 833

Process memory usage:
Resident Set Size: 493088K (3% of 12501356K total physical memory with 608008K free physical memory)

OOME stack traces (most recent first):
Classloader memory used:
Loader jdk.internal.loader.ClassLoaders$AppClassLoader                                 : 68009K
Loader bootstrap                                                                       : 12080K
Loader java.net.URLClassLoader                                                         : 848K
Loader jdk.internal.jrtfs.JrtFileSystemProvider$JrtFsLoader                            : 333K
Loader jdk.internal.loader.ClassLoaders$PlatformClassLoader                            : 67880B

Classes loaded by more than one classloader:
Class jdk.internal.jimage.BasicImageReader                                            : loaded 2 times (x 95B)
Class jdk.internal.jimage.decompressor.StringSharingDecompressorFactory               : loaded 2 times (x 74B)
Class jdk.internal.jrtfs.JrtFileSystemProvider                                        : loaded 2 times (x 101B)
Class jdk.internal.jimage.ImageLocation                                               : loaded 2 times (x 90B)
Class jdk.internal.jimage.ImageBufferCache$1                                          : loaded 2 times (x 83B)
Class jdk.internal.jimage.ImageBufferCache$2                                          : loaded 2 times (x 91B)
Class jdk.internal.jimage.ImageHeader                                                 : loaded 2 times (x 71B)
Class jdk.internal.jimage.decompressor.ResourceDecompressor                           : loaded 2 times (x 70B)
Class jdk.internal.jimage.ImageStringsReader                                          : loaded 2 times (x 80B)
Class jdk.internal.jimage.ImageReader                                                 : loaded 2 times (x 75B)
Class jdk.internal.jimage.ImageReader$SharedImageReader                               : loaded 2 times (x 95B)
Class jdk.internal.jimage.decompressor.ResourceDecompressorFactory                    : loaded 2 times (x 74B)
Class jdk.internal.jimage.ImageReader$Node                                            : loaded 2 times (x 84B)
Class jdk.internal.jimage.BasicImageReader$1                                          : loaded 2 times (x 77B)
Class jdk.internal.jimage.decompressor.Decompressor                                   : loaded 2 times (x 72B)
Class jdk.internal.jimage.ImageBufferCache                                            : loaded 2 times (x 71B)
Class jdk.internal.jrtfs.JrtPath                                                      : loaded 2 times (x 118B)
Class jdk.internal.jimage.decompressor.ResourceDecompressorRepository                 : loaded 2 times (x 71B)
Class jdk.internal.jimage.ImageReader$Directory                                       : loaded 2 times (x 84B)
Class jdk.internal.jimage.decompressor.ZipDecompressorFactory                         : loaded 2 times (x 74B)
Class jdk.internal.jimage.decompressor.ZipDecompressor                                : loaded 2 times (x 75B)
Class jdk.internal.jimage.ImageStrings                                                : loaded 2 times (x 70B)
Class jdk.internal.jrtfs.JrtFileSystem                                                : loaded 2 times (x 102B)
Class jdk.internal.jimage.decompressor.CompressedResourceHeader                       : loaded 2 times (x 71B)
Class jdk.internal.jimage.decompressor.ResourceDecompressor$StringsProvider           : loaded 2 times (x 70B)

---------------  S Y S T E M  ---------------

OS:
 Windows 10 , 64 bit Build 19041 (10.0.19041.5915)
OS uptime: 0 days 18:00 hours
Hyper-V role detected

CPU: total 4 (initial active 4) (2 cores per cpu, 2 threads per core) family 6 model 69 stepping 1 microcode 0x25, cx8, cmov, fxsr, ht, mmx, sse, sse2, sse3, ssse3, sse4.1, sse4.2, popcnt, lzcnt, tsc, tscinvbit, avx, avx2, aes, erms, clmul, bmi1, bmi2, fma, vzeroupper, clflush, hv, rdtscp, f16c
Processor Information for the first 4 processors :
  Max Mhz: 2301, Current Mhz: 1600, Mhz Limit: 1587

Memory: 4k page, system-wide physical 12208M (590M free)
TotalPageFile size 16627M (AvailPageFile size 5M)
current process WorkingSet (physical memory assigned to process): 483M, peak: 485M
current process commit charge ("private bytes"): 498M, peak: 501M

vm_info: OpenJDK 64-Bit Server VM (21.0.8+-14196175-b1038.72) for windows-amd64 JRE (21.0.8+-14196175-b1038.72), built on 2025-10-01T10:24:33Z by "builder" with MS VC++ 16.10 / 16.11 (VS2019)

END.
